<!DOCTYPE html>

<html>
  <head>
  <meta charset='utf-8'>
  <title>TestNG reports</title>

    <link type="text/css" href="testng-reports1.css" rel="stylesheet" id="ultra" />
    <link type="text/css" href="testng-reports.css" rel="stylesheet" id="retro" disabled="false"/>
    <script type="text/javascript" src="jquery.min.js"></script>
    <script type="text/javascript" src="testng-reports.js"></script>
    <script type="text/javascript" src="https://www.google.com/jsapi"></script>
    <script type='text/javascript'>
      google.load('visualization', '1', {packages:['table']});
      google.setOnLoadCallback(drawTable);
      var suiteTableInitFunctions = new Array();
      var suiteTableData = new Array();
    </script>
    <!--
      <script type="text/javascript" src="jquery-ui/js/jquery-ui-1.8.16.custom.min.js"></script>
     -->
  </head>

  <body>
    <div class="top-banner-root">
      <span class="top-banner-title-font">Test results</span>
      <button id="button" class="button">Switch Retro Theme</button> <!-- button -->
      <br/>
      <span class="top-banner-font-1">1 suite, 3 failed tests</span>
    </div> <!-- top-banner-root -->
    <div class="navigator-root">
      <div class="navigator-suite-header">
        <span>All suites</span>
        <a href="#" title="Collapse/expand all the suites" class="collapse-all-link">
          <img src="collapseall.gif" class="collapse-all-icon">
          </img> <!-- collapse-all-icon -->
        </a> <!-- collapse-all-link -->
      </div> <!-- navigator-suite-header -->
      <div class="suite">
        <div class="rounded-window">
          <div class="suite-header light-rounded-window-top">
            <a href="#" panel-name="suite-InetBankingV3" class="navigator-link">
              <span class="suite-name border-failed">InetBankingV3</span>
            </a> <!-- navigator-link -->
          </div> <!-- suite-header light-rounded-window-top -->
          <div class="navigator-suite-content">
            <div class="suite-section-title">
              <span>Info</span>
            </div> <!-- suite-section-title -->
            <div class="suite-section-content">
              <ul>
                <li>
                  <a href="#" panel-name="test-xml-InetBankingV3" class="navigator-link ">
                    <span>C:\Users\vishnuvardhan.reddyp\OneDrive - Accenture\workspace\iNetBankingV3\testNG.xml</span>
                  </a> <!-- navigator-link  -->
                </li>
                <li>
                  <a href="#" panel-name="testlist-InetBankingV3" class="navigator-link ">
                    <span class="test-stats">1 test</span>
                  </a> <!-- navigator-link  -->
                </li>
                <li>
                  <a href="#" panel-name="group-InetBankingV3" class="navigator-link ">
                    <span>0 groups</span>
                  </a> <!-- navigator-link  -->
                </li>
                <li>
                  <a href="#" panel-name="times-InetBankingV3" class="navigator-link ">
                    <span>Times</span>
                  </a> <!-- navigator-link  -->
                </li>
                <li>
                  <a href="#" panel-name="reporter-InetBankingV3" class="navigator-link ">
                    <span>Reporter output</span>
                  </a> <!-- navigator-link  -->
                </li>
                <li>
                  <a href="#" panel-name="ignored-methods-InetBankingV3" class="navigator-link ">
                    <span>Ignored methods</span>
                  </a> <!-- navigator-link  -->
                </li>
                <li>
                  <a href="#" panel-name="chronological-InetBankingV3" class="navigator-link ">
                    <span>Chronological view</span>
                  </a> <!-- navigator-link  -->
                </li>
              </ul>
            </div> <!-- suite-section-content -->
            <div class="result-section">
              <div class="suite-section-title">
                <span>Results</span>
              </div> <!-- suite-section-title -->
              <div class="suite-section-content">
                <ul>
                  <li>
                    <span class="method-stats">7 methods, 3 failed,  1 skipped,  3 passed</span>
                  </li>
                  <li>
                    <span class="method-list-title failed">Failed methods</span>
                    <span class="show-or-hide-methods failed">
                      <a href="#" panel-name="suite-InetBankingV3" class="hide-methods failed suite-InetBankingV3"> (hide)</a> <!-- hide-methods failed suite-InetBankingV3 -->
                      <a href="#" panel-name="suite-InetBankingV3" class="show-methods failed suite-InetBankingV3"> (show)</a> <!-- show-methods failed suite-InetBankingV3 -->
                    </span>
                    <div class="method-list-content failed suite-InetBankingV3">
                      <span>
                        <img src="failed.png" width="3%"/>
                        <a href="#" panel-name="suite-InetBankingV3" title="com.iNetBanking.testCases.TC_LoginTest_DDT_002" class="method navigator-link" hash-for-method="loginDDT(mngr83460, qAbUzyj)">loginDDT(mngr83460, qAbUzyj)</a> <!-- method navigator-link -->
                      </span>
                      <br/>
                      <span>
                        <img src="failed.png" width="3%"/>
                        <a href="#" panel-name="suite-InetBankingV3" title="com.iNetBanking.testCases.TC_LoginTest_DDT_002" class="method navigator-link" hash-for-method="loginDDT(mngr164225, jahetAp)">loginDDT(mngr164225, jahetAp)</a> <!-- method navigator-link -->
                      </span>
                      <br/>
                      <span>
                        <img src="failed.png" width="3%"/>
                        <a href="#" panel-name="suite-InetBankingV3" title="com.iNetBanking.testCases.TC_LoginTest_DDT_002" class="method navigator-link" hash-for-method="loginDDT(mngr112909, tytUreg)">loginDDT(mngr112909, tytUreg)</a> <!-- method navigator-link -->
                      </span>
                      <br/>
                    </div> <!-- method-list-content failed suite-InetBankingV3 -->
                  </li>
                  <li>
                    <span class="method-list-title skipped">Skipped methods</span>
                    <span class="show-or-hide-methods skipped">
                      <a href="#" panel-name="suite-InetBankingV3" class="hide-methods skipped suite-InetBankingV3"> (hide)</a> <!-- hide-methods skipped suite-InetBankingV3 -->
                      <a href="#" panel-name="suite-InetBankingV3" class="show-methods skipped suite-InetBankingV3"> (show)</a> <!-- show-methods skipped suite-InetBankingV3 -->
                    </span>
                    <div class="method-list-content skipped suite-InetBankingV3">
                      <span>
                        <img src="skipped.png" width="3%"/>
                        <a href="#" panel-name="suite-InetBankingV3" title="com.iNetBanking.testCases.TC_AddCustomerTest_003" class="method navigator-link" hash-for-method="addNewCustomer">addNewCustomer</a> <!-- method navigator-link -->
                      </span>
                      <br/>
                    </div> <!-- method-list-content skipped suite-InetBankingV3 -->
                  </li>
                  <li>
                    <span class="method-list-title passed">Passed methods</span>
                    <span class="show-or-hide-methods passed">
                      <a href="#" panel-name="suite-InetBankingV3" class="hide-methods passed suite-InetBankingV3"> (hide)</a> <!-- hide-methods passed suite-InetBankingV3 -->
                      <a href="#" panel-name="suite-InetBankingV3" class="show-methods passed suite-InetBankingV3"> (show)</a> <!-- show-methods passed suite-InetBankingV3 -->
                    </span>
                    <div class="method-list-content passed suite-InetBankingV3">
                      <span>
                        <img src="passed.png" width="3%"/>
                        <a href="#" panel-name="suite-InetBankingV3" title="com.iNetBanking.testCases.TC_LoginTest_DDT_002" class="method navigator-link" hash-for-method="loginDDT(mngr407173, nUgAmuh)">loginDDT(mngr407173, nUgAmuh)</a> <!-- method navigator-link -->
                      </span>
                      <br/>
                      <span>
                        <img src="passed.png" width="3%"/>
                        <a href="#" panel-name="suite-InetBankingV3" title="com.iNetBanking.testCases.TC_LoginTest_DDT_002" class="method navigator-link" hash-for-method="loginDDT(mngr407173, nUgAmuh)">loginDDT(mngr407173, nUgAmuh)</a> <!-- method navigator-link -->
                      </span>
                      <br/>
                      <span>
                        <img src="passed.png" width="3%"/>
                        <a href="#" panel-name="suite-InetBankingV3" title="com.iNetBanking.testCases.TC_LoginTest_001" class="method navigator-link" hash-for-method="loginTest">loginTest</a> <!-- method navigator-link -->
                      </span>
                      <br/>
                    </div> <!-- method-list-content passed suite-InetBankingV3 -->
                  </li>
                </ul>
              </div> <!-- suite-section-content -->
            </div> <!-- result-section -->
          </div> <!-- navigator-suite-content -->
        </div> <!-- rounded-window -->
      </div> <!-- suite -->
    </div> <!-- navigator-root -->
    <div class="wrapper">
      <div class="main-panel-root">
        <div panel-name="suite-InetBankingV3" class="panel InetBankingV3">
          <div class="suite-InetBankingV3-class-failed">
            <div class="main-panel-header rounded-window-top">
              <img src="failed.png"/>
              <span class="class-name">com.iNetBanking.testCases.TC_LoginTest_DDT_002</span>
            </div> <!-- main-panel-header rounded-window-top -->
            <div class="main-panel-content rounded-window-bottom">
              <div class="method">
                <div class="method-content">
                  <a name="loginDDT(mngr83460, qAbUzyj)">
                  </a> <!-- loginDDT(mngr83460, qAbUzyj) -->
                  <span class="method-name">loginDDT</span>
                  <span class="parameters">(mngr83460, qAbUzyj)</span>
                  <div class="stack-trace">org.openqa.selenium.UnhandledAlertException: unexpected alert open: {Alert text : User or Password is not valid}
  (Session info: chrome=101.0.4951.54): User or Password is not valid
Build info: version: &apos;4.1.1&apos;, revision: &apos;e8fcc2cecf&apos;
System info: host: &apos;CPX-6PS67VJLBCB&apos;, ip: &apos;192.168.1.29&apos;, os.name: &apos;Windows 10&apos;, os.arch: &apos;amd64&apos;, os.version: &apos;10.0&apos;, java.version: &apos;18.0.1.1&apos;
Driver info: org.openqa.selenium.chrome.ChromeDriver
Command: [4171522c98d47475ad5cbd9140d0d142, screenshot {}]
Capabilities {acceptInsecureCerts: false, browserName: chrome, browserVersion: 101.0.4951.54, chrome: {chromedriverVersion: 101.0.4951.41 (93c720db8323..., userDataDir: C:\Users\VISHNU~1.RED\AppDa...}, goog:chromeOptions: {debuggerAddress: localhost:64813}, javascriptEnabled: true, networkConnectionEnabled: false, pageLoadStrategy: normal, platform: WINDOWS, platformName: WINDOWS, proxy: Proxy(), se:cdp: ws://localhost:64813/devtoo..., se:cdpVersion: 101.0.4951.54, setWindowRect: true, strictFileInteractability: false, timeouts: {implicit: 0, pageLoad: 300000, script: 30000}, unhandledPromptBehavior: dismiss and notify, webauthn:extension:credBlob: true, webauthn:extension:largeBlob: true, webauthn:virtualAuthenticators: true}
Session ID: 4171522c98d47475ad5cbd9140d0d142
	at org.openqa.selenium.remote.codec.w3c.W3CHttpResponseCodec.decode(W3CHttpResponseCodec.java:131)
	at org.openqa.selenium.remote.codec.w3c.W3CHttpResponseCodec.decode(W3CHttpResponseCodec.java:53)
	at org.openqa.selenium.remote.HttpCommandExecutor.execute(HttpCommandExecutor.java:184)
	at org.openqa.selenium.remote.service.DriverCommandExecutor.invokeExecute(DriverCommandExecutor.java:167)
	at org.openqa.selenium.remote.service.DriverCommandExecutor.execute(DriverCommandExecutor.java:142)
	at org.openqa.selenium.remote.RemoteWebDriver.execute(RemoteWebDriver.java:543)
	at org.openqa.selenium.remote.RemoteWebDriver.execute(RemoteWebDriver.java:598)
	at org.openqa.selenium.remote.RemoteWebDriver.execute(RemoteWebDriver.java:602)
	at org.openqa.selenium.remote.RemoteWebDriver.getScreenshotAs(RemoteWebDriver.java:333)
	at com.iNetBanking.testCases.BaseClass.captureScreen(BaseClass.java:83)
	at com.iNetBanking.testCases.TC_LoginTest_DDT_002.loginDDT(TC_LoginTest_DDT_002.java:29)
	at java.base/java.util.ArrayList.forEach(ArrayList.java:1511)
... Removed 29 stack frames
</div> <!-- stack-trace -->
                </div> <!-- method-content -->
              </div> <!-- method -->
              <div class="method">
                <div class="method-content">
                  <a name="loginDDT(mngr164225, jahetAp)">
                  </a> <!-- loginDDT(mngr164225, jahetAp) -->
                  <span class="method-name">loginDDT</span>
                  <span class="parameters">(mngr164225, jahetAp)</span>
                  <div class="stack-trace">org.openqa.selenium.UnhandledAlertException: unexpected alert open: {Alert text : User or Password is not valid}
  (Session info: chrome=101.0.4951.54): User or Password is not valid
Build info: version: &apos;4.1.1&apos;, revision: &apos;e8fcc2cecf&apos;
System info: host: &apos;CPX-6PS67VJLBCB&apos;, ip: &apos;192.168.1.29&apos;, os.name: &apos;Windows 10&apos;, os.arch: &apos;amd64&apos;, os.version: &apos;10.0&apos;, java.version: &apos;18.0.1.1&apos;
Driver info: org.openqa.selenium.chrome.ChromeDriver
Command: [4171522c98d47475ad5cbd9140d0d142, screenshot {}]
Capabilities {acceptInsecureCerts: false, browserName: chrome, browserVersion: 101.0.4951.54, chrome: {chromedriverVersion: 101.0.4951.41 (93c720db8323..., userDataDir: C:\Users\VISHNU~1.RED\AppDa...}, goog:chromeOptions: {debuggerAddress: localhost:64813}, javascriptEnabled: true, networkConnectionEnabled: false, pageLoadStrategy: normal, platform: WINDOWS, platformName: WINDOWS, proxy: Proxy(), se:cdp: ws://localhost:64813/devtoo..., se:cdpVersion: 101.0.4951.54, setWindowRect: true, strictFileInteractability: false, timeouts: {implicit: 0, pageLoad: 300000, script: 30000}, unhandledPromptBehavior: dismiss and notify, webauthn:extension:credBlob: true, webauthn:extension:largeBlob: true, webauthn:virtualAuthenticators: true}
Session ID: 4171522c98d47475ad5cbd9140d0d142
	at org.openqa.selenium.remote.codec.w3c.W3CHttpResponseCodec.decode(W3CHttpResponseCodec.java:131)
	at org.openqa.selenium.remote.codec.w3c.W3CHttpResponseCodec.decode(W3CHttpResponseCodec.java:53)
	at org.openqa.selenium.remote.HttpCommandExecutor.execute(HttpCommandExecutor.java:184)
	at org.openqa.selenium.remote.service.DriverCommandExecutor.invokeExecute(DriverCommandExecutor.java:167)
	at org.openqa.selenium.remote.service.DriverCommandExecutor.execute(DriverCommandExecutor.java:142)
	at org.openqa.selenium.remote.RemoteWebDriver.execute(RemoteWebDriver.java:543)
	at org.openqa.selenium.remote.RemoteWebDriver.execute(RemoteWebDriver.java:598)
	at org.openqa.selenium.remote.RemoteWebDriver.execute(RemoteWebDriver.java:602)
	at org.openqa.selenium.remote.RemoteWebDriver.getScreenshotAs(RemoteWebDriver.java:333)
	at com.iNetBanking.testCases.BaseClass.captureScreen(BaseClass.java:83)
	at com.iNetBanking.testCases.TC_LoginTest_DDT_002.loginDDT(TC_LoginTest_DDT_002.java:29)
	at java.base/java.util.ArrayList.forEach(ArrayList.java:1511)
... Removed 29 stack frames
</div> <!-- stack-trace -->
                </div> <!-- method-content -->
              </div> <!-- method -->
              <div class="method">
                <div class="method-content">
                  <a name="loginDDT(mngr112909, tytUreg)">
                  </a> <!-- loginDDT(mngr112909, tytUreg) -->
                  <span class="method-name">loginDDT</span>
                  <span class="parameters">(mngr112909, tytUreg)</span>
                  <div class="stack-trace">org.openqa.selenium.UnhandledAlertException: unexpected alert open: {Alert text : User or Password is not valid}
  (Session info: chrome=101.0.4951.54): User or Password is not valid
Build info: version: &apos;4.1.1&apos;, revision: &apos;e8fcc2cecf&apos;
System info: host: &apos;CPX-6PS67VJLBCB&apos;, ip: &apos;192.168.1.29&apos;, os.name: &apos;Windows 10&apos;, os.arch: &apos;amd64&apos;, os.version: &apos;10.0&apos;, java.version: &apos;18.0.1.1&apos;
Driver info: org.openqa.selenium.chrome.ChromeDriver
Command: [4171522c98d47475ad5cbd9140d0d142, screenshot {}]
Capabilities {acceptInsecureCerts: false, browserName: chrome, browserVersion: 101.0.4951.54, chrome: {chromedriverVersion: 101.0.4951.41 (93c720db8323..., userDataDir: C:\Users\VISHNU~1.RED\AppDa...}, goog:chromeOptions: {debuggerAddress: localhost:64813}, javascriptEnabled: true, networkConnectionEnabled: false, pageLoadStrategy: normal, platform: WINDOWS, platformName: WINDOWS, proxy: Proxy(), se:cdp: ws://localhost:64813/devtoo..., se:cdpVersion: 101.0.4951.54, setWindowRect: true, strictFileInteractability: false, timeouts: {implicit: 0, pageLoad: 300000, script: 30000}, unhandledPromptBehavior: dismiss and notify, webauthn:extension:credBlob: true, webauthn:extension:largeBlob: true, webauthn:virtualAuthenticators: true}
Session ID: 4171522c98d47475ad5cbd9140d0d142
	at org.openqa.selenium.remote.codec.w3c.W3CHttpResponseCodec.decode(W3CHttpResponseCodec.java:131)
	at org.openqa.selenium.remote.codec.w3c.W3CHttpResponseCodec.decode(W3CHttpResponseCodec.java:53)
	at org.openqa.selenium.remote.HttpCommandExecutor.execute(HttpCommandExecutor.java:184)
	at org.openqa.selenium.remote.service.DriverCommandExecutor.invokeExecute(DriverCommandExecutor.java:167)
	at org.openqa.selenium.remote.service.DriverCommandExecutor.execute(DriverCommandExecutor.java:142)
	at org.openqa.selenium.remote.RemoteWebDriver.execute(RemoteWebDriver.java:543)
	at org.openqa.selenium.remote.RemoteWebDriver.execute(RemoteWebDriver.java:598)
	at org.openqa.selenium.remote.RemoteWebDriver.execute(RemoteWebDriver.java:602)
	at org.openqa.selenium.remote.RemoteWebDriver.getScreenshotAs(RemoteWebDriver.java:333)
	at com.iNetBanking.testCases.BaseClass.captureScreen(BaseClass.java:83)
	at com.iNetBanking.testCases.TC_LoginTest_DDT_002.loginDDT(TC_LoginTest_DDT_002.java:29)
	at java.base/java.util.ArrayList.forEach(ArrayList.java:1511)
... Removed 29 stack frames
</div> <!-- stack-trace -->
                </div> <!-- method-content -->
              </div> <!-- method -->
            </div> <!-- main-panel-content rounded-window-bottom -->
          </div> <!-- suite-InetBankingV3-class-failed -->
          <div class="suite-InetBankingV3-class-skipped">
            <div class="main-panel-header rounded-window-top">
              <img src="skipped.png"/>
              <span class="class-name">com.iNetBanking.testCases.TC_AddCustomerTest_003</span>
            </div> <!-- main-panel-header rounded-window-top -->
            <div class="main-panel-content rounded-window-bottom">
              <div class="method">
                <div class="method-content">
                  <a name="addNewCustomer">
                  </a> <!-- addNewCustomer -->
                  <span class="method-name">addNewCustomer</span>
                  <div class="stack-trace">org.openqa.selenium.NoSuchElementException: no such element: Unable to locate element: {&quot;method&quot;:&quot;xpath&quot;,&quot;selector&quot;:&quot;//p[normalize-space()=&apos;Consent&apos;]&quot;}
  (Session info: chrome=101.0.4951.54)
For documentation on this error, please visit: https://selenium.dev/exceptions/#no_such_element
Build info: version: &apos;4.1.1&apos;, revision: &apos;e8fcc2cecf&apos;
System info: host: &apos;CPX-6PS67VJLBCB&apos;, ip: &apos;192.168.1.29&apos;, os.name: &apos;Windows 10&apos;, os.arch: &apos;amd64&apos;, os.version: &apos;10.0&apos;, java.version: &apos;18.0.1.1&apos;
Driver info: org.openqa.selenium.chrome.ChromeDriver
Command: [ca5e378707f999264c1e045f11dc8669, findElement {using=xpath, value=//p[normalize-space()=&apos;Consent&apos;]}]
Capabilities {acceptInsecureCerts: false, browserName: chrome, browserVersion: 101.0.4951.54, chrome: {chromedriverVersion: 101.0.4951.41 (93c720db8323..., userDataDir: C:\Users\VISHNU~1.RED\AppDa...}, goog:chromeOptions: {debuggerAddress: localhost:64966}, javascriptEnabled: true, networkConnectionEnabled: false, pageLoadStrategy: normal, platform: WINDOWS, platformName: WINDOWS, proxy: Proxy(), se:cdp: ws://localhost:64966/devtoo..., se:cdpVersion: 101.0.4951.54, setWindowRect: true, strictFileInteractability: false, timeouts: {implicit: 0, pageLoad: 300000, script: 30000}, unhandledPromptBehavior: dismiss and notify, webauthn:extension:credBlob: true, webauthn:extension:largeBlob: true, webauthn:virtualAuthenticators: true}
Session ID: ca5e378707f999264c1e045f11dc8669
	at org.openqa.selenium.remote.codec.w3c.W3CHttpResponseCodec.createException(W3CHttpResponseCodec.java:200)
	at org.openqa.selenium.remote.codec.w3c.W3CHttpResponseCodec.decode(W3CHttpResponseCodec.java:133)
	at org.openqa.selenium.remote.codec.w3c.W3CHttpResponseCodec.decode(W3CHttpResponseCodec.java:53)
	at org.openqa.selenium.remote.HttpCommandExecutor.execute(HttpCommandExecutor.java:184)
	at org.openqa.selenium.remote.service.DriverCommandExecutor.invokeExecute(DriverCommandExecutor.java:167)
	at org.openqa.selenium.remote.service.DriverCommandExecutor.execute(DriverCommandExecutor.java:142)
	at org.openqa.selenium.remote.RemoteWebDriver.execute(RemoteWebDriver.java:543)
	at org.openqa.selenium.remote.ElementLocation$ElementFinder$2.findElement(ElementLocation.java:162)
	at org.openqa.selenium.remote.ElementLocation.findElement(ElementLocation.java:60)
	at org.openqa.selenium.remote.RemoteWebDriver.findElement(RemoteWebDriver.java:367)
	at org.openqa.selenium.remote.RemoteWebDriver.findElement(RemoteWebDriver.java:359)
	at com.iNetBanking.testCases.BaseClass.setup(BaseClass.java:65)
	at java.base/java.util.ArrayList.forEach(ArrayList.java:1511)
... Removed 30 stack frames
</div> <!-- stack-trace -->
                </div> <!-- method-content -->
              </div> <!-- method -->
            </div> <!-- main-panel-content rounded-window-bottom -->
          </div> <!-- suite-InetBankingV3-class-skipped -->
          <div class="suite-InetBankingV3-class-passed">
            <div class="main-panel-header rounded-window-top">
              <img src="passed.png"/>
              <span class="class-name">com.iNetBanking.testCases.TC_LoginTest_001</span>
            </div> <!-- main-panel-header rounded-window-top -->
            <div class="main-panel-content rounded-window-bottom">
              <div class="method">
                <div class="method-content">
                  <a name="loginTest">
                  </a> <!-- loginTest -->
                  <span class="method-name">loginTest</span>
                </div> <!-- method-content -->
              </div> <!-- method -->
            </div> <!-- main-panel-content rounded-window-bottom -->
          </div> <!-- suite-InetBankingV3-class-passed -->
          <div class="suite-InetBankingV3-class-passed">
            <div class="main-panel-header rounded-window-top">
              <img src="passed.png"/>
              <span class="class-name">com.iNetBanking.testCases.TC_LoginTest_DDT_002</span>
            </div> <!-- main-panel-header rounded-window-top -->
            <div class="main-panel-content rounded-window-bottom">
              <div class="method">
                <div class="method-content">
                  <a name="loginDDT(mngr407173, nUgAmuh)">
                  </a> <!-- loginDDT(mngr407173, nUgAmuh) -->
                  <span class="method-name">loginDDT</span>
                  <span class="parameters">(mngr407173, nUgAmuh)</span>
                </div> <!-- method-content -->
              </div> <!-- method -->
              <div class="method">
                <div class="method-content">
                  <a name="loginDDT(mngr407173, nUgAmuh)">
                  </a> <!-- loginDDT(mngr407173, nUgAmuh) -->
                  <span class="method-name">loginDDT</span>
                  <span class="parameters">(mngr407173, nUgAmuh)</span>
                </div> <!-- method-content -->
              </div> <!-- method -->
            </div> <!-- main-panel-content rounded-window-bottom -->
          </div> <!-- suite-InetBankingV3-class-passed -->
        </div> <!-- panel InetBankingV3 -->
        <div panel-name="test-xml-InetBankingV3" class="panel">
          <div class="main-panel-header rounded-window-top">
            <span class="header-content">C:\Users\vishnuvardhan.reddyp\OneDrive - Accenture\workspace\iNetBankingV3\testNG.xml</span>
          </div> <!-- main-panel-header rounded-window-top -->
          <div class="main-panel-content rounded-window-bottom">
            <pre>
&lt;?xml version=&quot;1.0&quot; encoding=&quot;UTF-8&quot;?&gt;
&lt;!DOCTYPE suite SYSTEM &quot;https://testng.org/testng-1.0.dtd&quot;&gt;
&lt;suite name=&quot;InetBankingV3&quot; guice-stage=&quot;DEVELOPMENT&quot; verbose=&quot;0&quot;&gt;
  &lt;listeners&gt;
    &lt;listener class-name=&quot;com.iNetBanking.utilities.Reporting&quot;/&gt;
  &lt;/listeners&gt;
  &lt;test thread-count=&quot;5&quot; name=&quot;BankingApp Test&quot; verbose=&quot;0&quot;&gt;
    &lt;parameter name=&quot;browser&quot; value=&quot;chrome&quot;/&gt;
    &lt;classes&gt;
      &lt;class name=&quot;com.iNetBanking.testCases.TC_LoginTest_001&quot;/&gt;
      &lt;class name=&quot;com.iNetBanking.testCases.TC_LoginTest_DDT_002&quot;/&gt;
      &lt;class name=&quot;com.iNetBanking.testCases.TC_AddCustomerTest_003&quot;/&gt;
    &lt;/classes&gt;
  &lt;/test&gt; &lt;!-- BankingApp Test --&gt;
&lt;/suite&gt; &lt;!-- InetBankingV3 --&gt;
            </pre>
          </div> <!-- main-panel-content rounded-window-bottom -->
        </div> <!-- panel -->
        <div panel-name="testlist-InetBankingV3" class="panel">
          <div class="main-panel-header rounded-window-top">
            <span class="header-content">Tests for InetBankingV3</span>
          </div> <!-- main-panel-header rounded-window-top -->
          <div class="main-panel-content rounded-window-bottom">
            <ul>
              <li>
                <span class="test-name">BankingApp Test (3 classes)</span>
              </li>
            </ul>
          </div> <!-- main-panel-content rounded-window-bottom -->
        </div> <!-- panel -->
        <div panel-name="group-InetBankingV3" class="panel">
          <div class="main-panel-header rounded-window-top">
            <span class="header-content">Groups for InetBankingV3</span>
          </div> <!-- main-panel-header rounded-window-top -->
          <div class="main-panel-content rounded-window-bottom">
          </div> <!-- main-panel-content rounded-window-bottom -->
        </div> <!-- panel -->
        <div panel-name="times-InetBankingV3" class="panel">
          <div class="main-panel-header rounded-window-top">
            <span class="header-content">Times for InetBankingV3</span>
          </div> <!-- main-panel-header rounded-window-top -->
          <div class="main-panel-content rounded-window-bottom">
            <div class="times-div">
              <script type="text/javascript">
suiteTableInitFunctions.push('tableData_InetBankingV3');
function tableData_InetBankingV3() {
var data = new google.visualization.DataTable();
data.addColumn('number', 'Number');
data.addColumn('string', 'Method');
data.addColumn('string', 'Class');
data.addColumn('number', 'Time (ms)');
data.addRows(7);
data.setCell(0, 0, 0)
data.setCell(0, 1, 'loginDDT')
data.setCell(0, 2, 'com.iNetBanking.testCases.TC_LoginTest_DDT_002')
data.setCell(0, 3, 9656);
data.setCell(1, 0, 1)
data.setCell(1, 1, 'loginDDT')
data.setCell(1, 2, 'com.iNetBanking.testCases.TC_LoginTest_DDT_002')
data.setCell(1, 3, 9065);
data.setCell(2, 0, 2)
data.setCell(2, 1, 'loginDDT')
data.setCell(2, 2, 'com.iNetBanking.testCases.TC_LoginTest_DDT_002')
data.setCell(2, 3, 4935);
data.setCell(3, 0, 3)
data.setCell(3, 1, 'loginDDT')
data.setCell(3, 2, 'com.iNetBanking.testCases.TC_LoginTest_DDT_002')
data.setCell(3, 3, 3868);
data.setCell(4, 0, 4)
data.setCell(4, 1, 'loginDDT')
data.setCell(4, 2, 'com.iNetBanking.testCases.TC_LoginTest_DDT_002')
data.setCell(4, 3, 3779);
data.setCell(5, 0, 5)
data.setCell(5, 1, 'loginTest')
data.setCell(5, 2, 'com.iNetBanking.testCases.TC_LoginTest_001')
data.setCell(5, 3, 1902);
data.setCell(6, 0, 6)
data.setCell(6, 1, 'addNewCustomer')
data.setCell(6, 2, 'com.iNetBanking.testCases.TC_AddCustomerTest_003')
data.setCell(6, 3, 0);
window.suiteTableData['InetBankingV3']= { tableData: data, tableDiv: 'times-div-InetBankingV3'}
return data;
}
              </script>
              <span class="suite-total-time">Total running time: 33 seconds</span>
              <div id="times-div-InetBankingV3">
              </div> <!-- times-div-InetBankingV3 -->
            </div> <!-- times-div -->
          </div> <!-- main-panel-content rounded-window-bottom -->
        </div> <!-- panel -->
        <div panel-name="reporter-InetBankingV3" class="panel">
          <div class="main-panel-header rounded-window-top">
            <span class="header-content">Reporter output for InetBankingV3</span>
          </div> <!-- main-panel-header rounded-window-top -->
          <div class="main-panel-content rounded-window-bottom">
          </div> <!-- main-panel-content rounded-window-bottom -->
        </div> <!-- panel -->
        <div panel-name="ignored-methods-InetBankingV3" class="panel">
          <div class="main-panel-header rounded-window-top">
            <span class="header-content">0 ignored methods</span>
          </div> <!-- main-panel-header rounded-window-top -->
          <div class="main-panel-content rounded-window-bottom">
          </div> <!-- main-panel-content rounded-window-bottom -->
        </div> <!-- panel -->
        <div panel-name="chronological-InetBankingV3" class="panel">
          <div class="main-panel-header rounded-window-top">
            <span class="header-content">Methods in chronological order</span>
          </div> <!-- main-panel-header rounded-window-top -->
          <div class="main-panel-content rounded-window-bottom">
            <div class="chronological-class">
              <div class="chronological-class-name">com.iNetBanking.testCases.TC_LoginTest_001</div> <!-- chronological-class-name -->
              <div class="configuration-class before">
                <span class="method-name">setup(chrome)</span>
                <span class="method-start">0 ms</span>
              </div> <!-- configuration-class before -->
              <div class="test-method">
                <span class="method-name">loginTest</span>
                <span class="method-start">7078 ms</span>
              </div> <!-- test-method -->
              <div class="configuration-class after">
                <span class="method-name">tearDown</span>
                <span class="method-start">8998 ms</span>
              </div> <!-- configuration-class after -->
            </div> <!-- chronological-class -->
            <div class="chronological-class">
              <div class="chronological-class-name">com.iNetBanking.testCases.TC_LoginTest_DDT_002</div> <!-- chronological-class-name -->
              <div class="configuration-class before">
                <span class="method-name">setup(chrome)</span>
                <span class="method-start">9389 ms</span>
              </div> <!-- configuration-class before -->
              <div class="test-method">
                <span class="method-name">loginDDT(mngr407173, nUgAmuh)</span>
                <span class="method-start">17191 ms</span>
              </div> <!-- test-method -->
              <div class="test-method">
                <img src="failed.png">
                </img>
                <span class="method-name">loginDDT(mngr83460, qAbUzyj)</span>
                <span class="method-start">26257 ms</span>
              </div> <!-- test-method -->
              <div class="test-method">
                <span class="method-name">loginDDT(mngr407173, nUgAmuh)</span>
                <span class="method-start">30049 ms</span>
              </div> <!-- test-method -->
              <div class="test-method">
                <img src="failed.png">
                </img>
                <span class="method-name">loginDDT(mngr164225, jahetAp)</span>
                <span class="method-start">39706 ms</span>
              </div> <!-- test-method -->
              <div class="test-method">
                <img src="failed.png">
                </img>
                <span class="method-name">loginDDT(mngr112909, tytUreg)</span>
                <span class="method-start">43575 ms</span>
              </div> <!-- test-method -->
              <div class="configuration-class after">
                <span class="method-name">tearDown</span>
                <span class="method-start">48512 ms</span>
              </div> <!-- configuration-class after -->
            </div> <!-- chronological-class -->
            <div class="chronological-class">
              <div class="chronological-class-name">com.iNetBanking.testCases.TC_AddCustomerTest_003</div> <!-- chronological-class-name -->
              <div class="configuration-class before">
                <img src="failed.png">
                </img>
                <span class="method-name">setup(chrome)</span>
                <span class="method-start">48882 ms</span>
              </div> <!-- configuration-class before -->
              <div class="configuration-class after">
                <span class="method-name">tearDown</span>
                <span class="method-start">59524 ms</span>
              </div> <!-- configuration-class after -->
              <div class="test-method">
                <span class="method-name">addNewCustomer</span>
                <span class="method-start">59524 ms</span>
              </div> <!-- test-method -->
          </div> <!-- main-panel-content rounded-window-bottom -->
        </div> <!-- panel -->
      </div> <!-- main-panel-root -->
    </div> <!-- wrapper -->
  </body>
<script type="text/javascript" src="testng-reports2.js"></script>
</html>
